<?xml version="1.0" encoding="UTF-8"?>
<coverage generated="1562070528348" clover="3.2.0">
  <project timestamp="1562070528348" name="All files">
    <metrics statements="5" coveredstatements="5" conditionals="1" coveredconditionals="0" methods="4" coveredmethods="4" elements="10" coveredelements="9" complexity="0" loc="5" ncloc="5" packages="1" files="1" classes="1"/>
    <file name="Validator.js" path="/Users/maysoni/Documents/POC/Contacts/src/helpers/Validator.js">
      <metrics statements="5" coveredstatements="5" conditionals="1" coveredconditionals="0" methods="4" coveredmethods="4"/>
      <line num="4" count="2" type="stmt"/>
      <line num="8" count="2" type="stmt"/>
      <line num="12" count="2" type="stmt"/>
      <line num="13" count="2" type="stmt"/>
      <line num="17" count="1" type="stmt"/>
    </file>
  </project>
</coverage>
