{"/Users/maysoni/Documents/POC/Contacts/src/helpers/Validator.js": {"path":"/Users/maysoni/Documents/POC/Contacts/src/helpers/Validator.js","statementMap":{"0":{"start":{"line":4,"column":2},"end":{"line":4,"column":39}},"1":{"start":{"line":8,"column":2},"end":{"line":8,"column":33}},"2":{"start":{"line":12,"column":2},"end":{"line":12,"column":28}},"3":{"start":{"line":13,"column":2},"end":{"line":13,"column":46}},"4":{"start":{"line":17,"column":2},"end":{"line":17,"column":33}}},"fnMap":{"0":{"name":"isMobilePhone","decl":{"start":{"line":3,"column":16},"end":{"line":3,"column":29}},"loc":{"start":{"line":3,"column":36},"end":{"line":5,"column":1}},"line":3},"1":{"name":"isEmail","decl":{"start":{"line":7,"column":16},"end":{"line":7,"column":23}},"loc":{"start":{"line":7,"column":30},"end":{"line":9,"column":1}},"line":7},"2":{"name":"isPostalCode","decl":{"start":{"line":11,"column":16},"end":{"line":11,"column":28}},"loc":{"start":{"line":11,"column":48},"end":{"line":14,"column":1}},"line":11},"3":{"name":"isEmpty","decl":{"start":{"line":16,"column":16},"end":{"line":16,"column":23}},"loc":{"start":{"line":16,"column":30},"end":{"line":18,"column":1}},"line":16}},"branchMap":{"0":{"loc":{"start":{"line":11,"column":35},"end":{"line":11,"column":46}},"type":"default-arg","locations":[{"start":{"line":11,"column":44},"end":{"line":11,"column":46}}],"line":11}},"s":{"0":2,"1":2,"2":2,"3":2,"4":1},"f":{"0":2,"1":2,"2":2,"3":1},"b":{"0":[0]},"_coverageSchema":"43e27e138ebf9cfc5966b082cf9a028302ed4184","hash":"e20faae1793735f2291f715b8940318732882c58"}
}
